11:57:48.989 [restartedMain] INFO  c.d.myblog.MyblogApplication - Starting MyblogApplication using Java 17.0.7 with PID 4668 (C:\Users\user\IdeaProjects\myblog\build\classes\java\main started by user in C:\Users\user\IdeaProjects\myblog)
11:57:48.991 [restartedMain] INFO  c.d.myblog.MyblogApplication - No active profile set, falling back to 1 default profile: "default"
11:57:49.035 [restartedMain] INFO  o.s.b.d.e.DevToolsPropertyDefaultsPostProcessor - Devtools property defaults active! Set 'spring.devtools.add-properties' to 'false' to disable
11:57:49.035 [restartedMain] INFO  o.s.b.d.e.DevToolsPropertyDefaultsPostProcessor - For additional web related logging consider setting the 'logging.level.web' property to 'DEBUG'
11:57:49.850 [restartedMain] INFO  o.s.d.r.c.RepositoryConfigurationDelegate - Multiple Spring Data modules found, entering strict repository configuration mode
11:57:49.852 [restartedMain] INFO  o.s.d.r.c.RepositoryConfigurationDelegate - Bootstrapping Spring Data JDBC repositories in DEFAULT mode.
11:57:49.882 [restartedMain] INFO  o.s.d.r.c.RepositoryConfigurationExtensionSupport - Spring Data JDBC - Could not safely identify store assignment for repository candidate interface com.developerjs.myblog.repository.MemberProfileRepository; If you want this repository to be a JDBC repository, consider annotating your entities with one of these annotations: org.springframework.data.relational.core.mapping.Table.
11:57:49.883 [restartedMain] INFO  o.s.d.r.c.RepositoryConfigurationExtensionSupport - Spring Data JDBC - Could not safely identify store assignment for repository candidate interface com.developerjs.myblog.repository.MemberRepository; If you want this repository to be a JDBC repository, consider annotating your entities with one of these annotations: org.springframework.data.relational.core.mapping.Table.
11:57:49.883 [restartedMain] INFO  o.s.d.r.c.RepositoryConfigurationExtensionSupport - Spring Data JDBC - Could not safely identify store assignment for repository candidate interface com.developerjs.myblog.repository.RefreshTokenRepository; If you want this repository to be a JDBC repository, consider annotating your entities with one of these annotations: org.springframework.data.relational.core.mapping.Table.
11:57:49.884 [restartedMain] INFO  o.s.d.r.c.RepositoryConfigurationDelegate - Finished Spring Data repository scanning in 29 ms. Found 0 JDBC repository interfaces.
11:57:49.890 [restartedMain] INFO  o.s.d.r.c.RepositoryConfigurationDelegate - Multiple Spring Data modules found, entering strict repository configuration mode
11:57:49.891 [restartedMain] INFO  o.s.d.r.c.RepositoryConfigurationDelegate - Bootstrapping Spring Data JPA repositories in DEFAULT mode.
11:57:49.918 [restartedMain] INFO  o.s.d.r.c.RepositoryConfigurationDelegate - Finished Spring Data repository scanning in 21 ms. Found 3 JPA repository interfaces.
11:57:50.406 [restartedMain] INFO  o.s.b.w.e.tomcat.TomcatWebServer - Tomcat initialized with port(s): 90 (http)
11:57:50.472 [restartedMain] INFO  o.s.b.w.s.c.ServletWebServerApplicationContext - Root WebApplicationContext: initialization completed in 1436 ms
11:57:50.567 [restartedMain] WARN  o.s.b.a.o.j.JpaBaseConfiguration$JpaWebConfiguration - spring.jpa.open-in-view is enabled by default. Therefore, database queries may be performed during view rendering. Explicitly configure spring.jpa.open-in-view to disable this warning
11:57:50.627 [restartedMain] INFO  com.zaxxer.hikari.HikariDataSource - HikariPool-1 - Starting...
11:57:50.907 [restartedMain] INFO  com.zaxxer.hikari.pool.HikariPool - HikariPool-1 - Added connection com.mysql.cj.jdbc.ConnectionImpl@634bdc26
11:57:50.909 [restartedMain] INFO  com.zaxxer.hikari.HikariDataSource - HikariPool-1 - Start completed.
11:57:51.241 [restartedMain] INFO  o.s.o.j.p.SpringPersistenceUnitInfo - No LoadTimeWeaver setup: ignoring JPA class transformer
11:57:52.039 [restartedMain] INFO  o.s.o.j.LocalContainerEntityManagerFactoryBean - Initialized JPA EntityManagerFactory for persistence unit 'default'
11:57:52.656 [restartedMain] INFO  o.s.b.a.e.web.EndpointLinksResolver - Exposing 1 endpoint(s) beneath base path '/actuator'
11:57:52.681 [restartedMain] INFO  o.s.s.web.DefaultSecurityFilterChain - Will secure any request with [org.springframework.security.web.session.DisableEncodeUrlFilter@61a4058e, org.springframework.security.web.context.request.async.WebAsyncManagerIntegrationFilter@315cdd1a, org.springframework.security.web.context.SecurityContextHolderFilter@48096ebe, org.springframework.security.web.header.HeaderWriterFilter@65646a3b, org.springframework.web.filter.CorsFilter@46d65836, org.springframework.security.web.authentication.logout.LogoutFilter@3c3fe217, com.developerjs.myblog.jwt.JwtFilter@11967fe3, com.developerjs.myblog.jwt.LoginAuthenticationFilter@1c7e272b, org.springframework.security.web.savedrequest.RequestCacheAwareFilter@39cf4dd1, org.springframework.security.web.servletapi.SecurityContextHolderAwareRequestFilter@ac2d107, org.springframework.security.web.authentication.AnonymousAuthenticationFilter@16678754, org.springframework.security.web.session.SessionManagementFilter@32ce3ece, org.springframework.security.web.access.ExceptionTranslationFilter@1cbbca79, org.springframework.security.web.access.intercept.AuthorizationFilter@224aa6e9]
11:57:52.777 [restartedMain] WARN  o.s.b.a.t.ThymeleafAutoConfiguration$DefaultTemplateResolverConfiguration - Cannot find template location: classpath:/templates/ (please add some templates, check your Thymeleaf configuration, or set spring.thymeleaf.check-template-location=false)
11:57:52.951 [restartedMain] INFO  o.s.b.d.a.OptionalLiveReloadServer - LiveReload server is running on port 35729
11:57:53.008 [restartedMain] INFO  o.s.b.w.e.tomcat.TomcatWebServer - Tomcat started on port(s): 90 (http) with context path ''
11:57:53.020 [restartedMain] INFO  c.d.myblog.MyblogApplication - Started MyblogApplication in 4.471 seconds (process running for 5.133)
11:57:53.611 [RMI TCP Connection(2)-192.168.0.2] INFO  o.s.web.servlet.DispatcherServlet - Initializing Servlet 'dispatcherServlet'
11:57:53.612 [RMI TCP Connection(2)-192.168.0.2] INFO  o.s.web.servlet.DispatcherServlet - Completed initialization in 1 ms
